<?xml version="1.0" encoding="UTF-8"?>
<testng-results skipped="0" failed="0" ignored="0" total="5" passed="5">
  <reporter-output>
  </reporter-output>
  <suite name="Default suite" duration-ms="20492" started-at="2020-05-23T11:06:45 IST" finished-at="2020-05-23T11:07:05 IST">
    <groups>
      <group name="cucumber">
        <method signature="AbstractTestNGCucumberTests.runScenario(io.cucumber.testng.PickleWrapper, io.cucumber.testng.FeatureWrapper)[pri:0, instance:Runner.RunCucumberTests@2a17b7b6]" name="runScenario" class="io.cucumber.testng.AbstractTestNGCucumberTests"/>
      </group> <!-- cucumber -->
    </groups>
    <test name="Default test" duration-ms="20492" started-at="2020-05-23T11:06:45 IST" finished-at="2020-05-23T11:07:05 IST">
      <class name="Runner.RunCucumberTests">
        <test-method status="PASS" signature="setUpClass()[pri:0, instance:Runner.RunCucumberTests@2a17b7b6]" name="setUpClass" is-config="true" duration-ms="341" started-at="2020-05-23T11:06:45 IST" finished-at="2020-05-23T11:06:45 IST">
          <reporter-output>
          </reporter-output>
        </test-method> <!-- setUpClass -->
        <test-method status="PASS" signature="runScenario(io.cucumber.testng.PickleWrapper, io.cucumber.testng.FeatureWrapper)[pri:0, instance:Runner.RunCucumberTests@2a17b7b6]" name="runScenario" duration-ms="7328" started-at="2020-05-23T11:06:45 IST" description="Runs Cucumber Scenarios" data-provider="scenarios" finished-at="2020-05-23T11:06:53 IST">
          <params>
            <param index="0">
              <value>
                <![CDATA["Create ChangeRequest(with No Body)"]]>
              </value>
            </param>
            <param index="1">
              <value>
                <![CDATA["Create New changeRequest using Rest Assured(ServiceNow)"]]>
              </value>
            </param>
          </params>
          <reporter-output>
          </reporter-output>
        </test-method> <!-- runScenario -->
        <test-method status="PASS" signature="runScenario(io.cucumber.testng.PickleWrapper, io.cucumber.testng.FeatureWrapper)[pri:0, instance:Runner.RunCucumberTests@2a17b7b6]" name="runScenario" duration-ms="3014" started-at="2020-05-23T11:06:53 IST" description="Runs Cucumber Scenarios" data-provider="scenarios" finished-at="2020-05-23T11:06:56 IST">
          <params>
            <param index="0">
              <value>
                <![CDATA["Create ChangeRequest(With Body as Json String)"]]>
              </value>
            </param>
            <param index="1">
              <value>
                <![CDATA["Create New changeRequest using Rest Assured(ServiceNow)"]]>
              </value>
            </param>
          </params>
          <reporter-output>
          </reporter-output>
        </test-method> <!-- runScenario -->
        <test-method status="PASS" signature="runScenario(io.cucumber.testng.PickleWrapper, io.cucumber.testng.FeatureWrapper)[pri:0, instance:Runner.RunCucumberTests@2a17b7b6]" name="runScenario" duration-ms="3269" started-at="2020-05-23T11:06:56 IST" description="Runs Cucumber Scenarios" data-provider="scenarios" finished-at="2020-05-23T11:06:59 IST">
          <params>
            <param index="0">
              <value>
                <![CDATA["Create ChangeRequest(With Body as XML String)"]]>
              </value>
            </param>
            <param index="1">
              <value>
                <![CDATA["Create New changeRequest using Rest Assured(ServiceNow)"]]>
              </value>
            </param>
          </params>
          <reporter-output>
          </reporter-output>
        </test-method> <!-- runScenario -->
        <test-method status="PASS" signature="runScenario(io.cucumber.testng.PickleWrapper, io.cucumber.testng.FeatureWrapper)[pri:0, instance:Runner.RunCucumberTests@2a17b7b6]" name="runScenario" duration-ms="3141" started-at="2020-05-23T11:06:59 IST" description="Runs Cucumber Scenarios" data-provider="scenarios" finished-at="2020-05-23T11:07:02 IST">
          <params>
            <param index="0">
              <value>
                <![CDATA["Create ChangeRequest(With different files)"]]>
              </value>
            </param>
            <param index="1">
              <value>
                <![CDATA["Create New changeRequest using Rest Assured(ServiceNow)"]]>
              </value>
            </param>
          </params>
          <reporter-output>
          </reporter-output>
        </test-method> <!-- runScenario -->
        <test-method status="PASS" signature="runScenario(io.cucumber.testng.PickleWrapper, io.cucumber.testng.FeatureWrapper)[pri:0, instance:Runner.RunCucumberTests@2a17b7b6]" name="runScenario" duration-ms="3325" started-at="2020-05-23T11:07:02 IST" description="Runs Cucumber Scenarios" data-provider="scenarios" finished-at="2020-05-23T11:07:05 IST">
          <params>
            <param index="0">
              <value>
                <![CDATA["Create ChangeRequest(With different files)"]]>
              </value>
            </param>
            <param index="1">
              <value>
                <![CDATA["Create New changeRequest using Rest Assured(ServiceNow)"]]>
              </value>
            </param>
          </params>
          <reporter-output>
          </reporter-output>
        </test-method> <!-- runScenario -->
        <test-method status="PASS" signature="tearDownClass()[pri:0, instance:Runner.RunCucumberTests@2a17b7b6]" name="tearDownClass" is-config="true" duration-ms="4" started-at="2020-05-23T11:07:05 IST" finished-at="2020-05-23T11:07:05 IST">
          <reporter-output>
          </reporter-output>
        </test-method> <!-- tearDownClass -->
      </class> <!-- Runner.RunCucumberTests -->
    </test> <!-- Default test -->
  </suite> <!-- Default suite -->
</testng-results>
